#
# There is insufficient memory for the Java Runtime Environment to continue.
# Native memory allocation (malloc) failed to allocate 1537136 bytes for Chunk::new
# Possible reasons:
#   The system is out of physical RAM or swap space
#   The process is running with CompressedOops enabled, and the Java Heap may be blocking the growth of the native heap
# Possible solutions:
#   Reduce memory load on the system
#   Increase physical memory or swap space
#   Check if swap backing store is full
#   Decrease Java heap size (-Xmx/-Xms)
#   Decrease number of Java threads
#   Decrease Java thread stack sizes (-Xss)
#   Set larger code cache with -XX:ReservedCodeCacheSize=
#   JVM is running with Unscaled Compressed Oops mode in which the Java heap is
#     placed in the first 4GB address space. The Java Heap base address is the
#     maximum limit for the native heap growth. Please use -XX:HeapBaseMinAddress
#     to set the Java Heap base and to place the Java Heap above 4GB virtual address.
# This output file may be truncated or incomplete.
#
#  Out of Memory Error (./src/hotspot/share/memory/arena.cpp:197), pid=17952, tid=15276
#
# JRE version: OpenJDK Runtime Environment Temurin-11.0.16.1+1 (11.0.16.1+1) (build 11.0.16.1+1)
# Java VM: OpenJDK 64-Bit Server VM Temurin-11.0.16.1+1 (11.0.16.1+1, mixed mode, tiered, compressed oops, g1 gc, windows-amd64)
# No core dump will be written. Minidumps are not enabled by default on client versions of Windows
#

---------------  S U M M A R Y ------------

Command Line: -XX:MaxMetaspaceSize=512m --add-opens=java.base/java.util=ALL-UNNAMED --add-opens=java.base/java.lang=ALL-UNNAMED --add-opens=java.base/java.lang.invoke=ALL-UNNAMED --add-opens=java.base/java.util=ALL-UNNAMED --add-opens=java.prefs/java.util.prefs=ALL-UNNAMED --add-opens=java.prefs/java.util.prefs=ALL-UNNAMED --add-opens=java.base/java.nio.charset=ALL-UNNAMED --add-opens=java.base/java.net=ALL-UNNAMED --add-opens=java.base/java.util.concurrent.atomic=ALL-UNNAMED -Xmx2048m -Dfile.encoding=windows-1252 -Duser.country=US -Duser.language=en -Duser.variant org.gradle.launcher.daemon.bootstrap.GradleDaemon 7.5.1

Host: Intel(R) Core(TM) i7-7500U CPU @ 2.70GHz, 4 cores, 15G,  Windows 10 , 64 bit Build 19041 (10.0.19041.1889)
Time: Sat Oct 22 19:09:35 2022 West Bank Gaza Daylight Time elapsed time: 42.508507 seconds (0d 0h 0m 42s)

---------------  T H R E A D  ---------------

Current thread (0x0000022ab70ef800):  JavaThread "C2 CompilerThread0" daemon [_thread_in_native, id=15276, stack(0x00000046e7100000,0x00000046e7200000)]


Current CompileTask:
C2:  42508 2878       4       java.util.AbstractCollection::addAll (42 bytes)

Stack: [0x00000046e7100000,0x00000046e7200000]
Native frames: (J=compiled Java code, j=interpreted, Vv=VM code, C=native code)
V  [jvm.dll+0x61f18a]
V  [jvm.dll+0x7abb09]
V  [jvm.dll+0x7ad1f8]
V  [jvm.dll+0x7ad8d3]
V  [jvm.dll+0x24fc38]
V  [jvm.dll+0xc262c]
V  [jvm.dll+0xc2bec]
V  [jvm.dll+0x359e27]
V  [jvm.dll+0x325fb3]
V  [jvm.dll+0x3252ea]
V  [jvm.dll+0x208f65]
V  [jvm.dll+0x20808d]
V  [jvm.dll+0x18a3a1]
V  [jvm.dll+0x2178e4]
V  [jvm.dll+0x215b2b]
V  [jvm.dll+0x76e610]
V  [jvm.dll+0x767544]
V  [jvm.dll+0x61dff5]
C  [ucrtbase.dll+0x21bb2]
C  [KERNEL32.DLL+0x17034]
C  [ntdll.dll+0x526a1]


---------------  P R O C E S S  ---------------

Threads class SMR info:
_java_thread_list=0x0000022abb6aef80, length=31, elements={
0x0000022a960a6800, 0x0000022ab7098000, 0x0000022ab7089800, 0x0000022ab70ec800,
0x0000022ab70ed800, 0x0000022ab70ee800, 0x0000022ab70ef800, 0x0000022ab7158800,
0x0000022ab7163800, 0x0000022ab7259000, 0x0000022ab909a800, 0x0000022ab87d7800,
0x0000022ab7464800, 0x0000022ab831f000, 0x0000022ab75b3800, 0x0000022ab898d000,
0x0000022ab8f78800, 0x0000022ab8445800, 0x0000022ab8446800, 0x0000022ab91c2800,
0x0000022ab7e18000, 0x0000022ab7e1c800, 0x0000022ab7e1d000, 0x0000022ab7e1e800,
0x0000022ab7e19000, 0x0000022ab7e1e000, 0x0000022ab7e1a000, 0x0000022ab7e1b800,
0x0000022ab7e1a800, 0x0000022ab94df000, 0x0000022ab94e3000
}

Java Threads: ( => current thread )
  0x0000022a960a6800 JavaThread "main" [_thread_blocked, id=1236, stack(0x00000046e6500000,0x00000046e6600000)]
  0x0000022ab7098000 JavaThread "Reference Handler" daemon [_thread_blocked, id=15008, stack(0x00000046e6c00000,0x00000046e6d00000)]
  0x0000022ab7089800 JavaThread "Finalizer" daemon [_thread_blocked, id=5392, stack(0x00000046e6d00000,0x00000046e6e00000)]
  0x0000022ab70ec800 JavaThread "Signal Dispatcher" daemon [_thread_blocked, id=11020, stack(0x00000046e6e00000,0x00000046e6f00000)]
  0x0000022ab70ed800 JavaThread "Attach Listener" daemon [_thread_blocked, id=7260, stack(0x00000046e6f00000,0x00000046e7000000)]
  0x0000022ab70ee800 JavaThread "Service Thread" daemon [_thread_blocked, id=15348, stack(0x00000046e7000000,0x00000046e7100000)]
=>0x0000022ab70ef800 JavaThread "C2 CompilerThread0" daemon [_thread_in_native, id=15276, stack(0x00000046e7100000,0x00000046e7200000)]
  0x0000022ab7158800 JavaThread "C1 CompilerThread0" daemon [_thread_blocked, id=11852, stack(0x00000046e7200000,0x00000046e7300000)]
  0x0000022ab7163800 JavaThread "Sweeper thread" daemon [_thread_blocked, id=11152, stack(0x00000046e7300000,0x00000046e7400000)]
  0x0000022ab7259000 JavaThread "Common-Cleaner" daemon [_thread_blocked, id=13124, stack(0x00000046e7400000,0x00000046e7500000)]
  0x0000022ab909a800 JavaThread "Daemon health stats" [_thread_blocked, id=15928, stack(0x00000046e7900000,0x00000046e7a00000)]
  0x0000022ab87d7800 JavaThread "Incoming local TCP Connector on port 56009" [_thread_in_native, id=2428, stack(0x00000046e7a00000,0x00000046e7b00000)]
  0x0000022ab7464800 JavaThread "Daemon periodic checks" [_thread_blocked, id=11168, stack(0x00000046e7b00000,0x00000046e7c00000)]
  0x0000022ab831f000 JavaThread "Daemon" [_thread_blocked, id=10720, stack(0x00000046e7c00000,0x00000046e7d00000)]
  0x0000022ab75b3800 JavaThread "Handler for socket connection from /127.0.0.1:56009 to /127.0.0.1:56010" [_thread_in_native, id=9288, stack(0x00000046e7d00000,0x00000046e7e00000)]
  0x0000022ab898d000 JavaThread "Cancel handler" [_thread_blocked, id=17164, stack(0x00000046e7e00000,0x00000046e7f00000)]
  0x0000022ab8f78800 JavaThread "Daemon worker" [_thread_in_vm, id=20832, stack(0x00000046e7f00000,0x00000046e8000000)]
  0x0000022ab8445800 JavaThread "Asynchronous log dispatcher for DefaultDaemonConnection: socket connection from /127.0.0.1:56009 to /127.0.0.1:56010" [_thread_blocked, id=14092, stack(0x00000046e8000000,0x00000046e8100000)]
  0x0000022ab8446800 JavaThread "Stdin handler" [_thread_blocked, id=2164, stack(0x00000046e8100000,0x00000046e8200000)]
  0x0000022ab91c2800 JavaThread "Daemon client event forwarder" [_thread_blocked, id=11400, stack(0x00000046e8200000,0x00000046e8300000)]
  0x0000022ab7e18000 JavaThread "Cache worker for journal cache (C:\Users\asala\.gradle\caches\journal-1)" [_thread_blocked, id=4228, stack(0x00000046e8300000,0x00000046e8400000)]
  0x0000022ab7e1c800 JavaThread "File lock request listener" [_thread_in_native, id=20812, stack(0x00000046e8400000,0x00000046e8500000)]
  0x0000022ab7e1d000 JavaThread "Cache worker for file hash cache (C:\Users\asala\.gradle\caches\7.5.1\fileHashes)" [_thread_blocked, id=21240, stack(0x00000046e8500000,0x00000046e8600000)]
  0x0000022ab7e1e800 JavaThread "File watcher server" daemon [_thread_in_native, id=14572, stack(0x00000046e8600000,0x00000046e8700000)]
  0x0000022ab7e19000 JavaThread "File watcher consumer" daemon [_thread_blocked, id=18376, stack(0x00000046e8700000,0x00000046e8800000)]
  0x0000022ab7e1e000 JavaThread "Cache worker for checksums cache (D:\react-native\GitHubUsers\android\.gradle\7.5.1\checksums)" [_thread_blocked, id=20600, stack(0x00000046e8800000,0x00000046e8900000)]
  0x0000022ab7e1a000 JavaThread "Cache worker for cache directory md-rule (C:\Users\asala\.gradle\caches\7.5.1\md-rule)" [_thread_blocked, id=9544, stack(0x00000046e8900000,0x00000046e8a00000)]
  0x0000022ab7e1b800 JavaThread "Cache worker for file content cache (C:\Users\asala\.gradle\caches\7.5.1\fileContent)" [_thread_blocked, id=16688, stack(0x00000046e8a00000,0x00000046e8b00000)]
  0x0000022ab7e1a800 JavaThread "Cache worker for file hash cache (D:\react-native\GitHubUsers\android\.gradle\7.5.1\fileHashes)" [_thread_blocked, id=10524, stack(0x00000046e8b00000,0x00000046e8c00000)]
  0x0000022ab94df000 JavaThread "Cache worker for cache directory md-supplier (C:\Users\asala\.gradle\caches\7.5.1\md-supplier)" [_thread_blocked, id=2768, stack(0x00000046e8c00000,0x00000046e8d00000)]
  0x0000022ab94e3000 JavaThread "Cache worker for execution history cache (C:\Users\asala\.gradle\caches\7.5.1\executionHistory)" [_thread_blocked, id=9040, stack(0x00000046e8d00000,0x00000046e8e00000)]

Other Threads:
  0x0000022ab7085800 VMThread "VM Thread" [stack: 0x00000046e6b00000,0x00000046e6c00000] [id=21340]
  0x0000022ab728e800 WatcherThread [stack: 0x00000046e7500000,0x00000046e7600000] [id=7092]
  0x0000022a960c0000 GCTaskThread "GC Thread#0" [stack: 0x00000046e6600000,0x00000046e6700000] [id=12340]
  0x0000022ab7614000 GCTaskThread "GC Thread#1" [stack: 0x00000046e7600000,0x00000046e7700000] [id=4112]
  0x0000022ab740d800 GCTaskThread "GC Thread#2" [stack: 0x00000046e7700000,0x00000046e7800000] [id=9932]
  0x0000022ab7b02800 GCTaskThread "GC Thread#3" [stack: 0x00000046e7800000,0x00000046e7900000] [id=9316]
  0x0000022a960f3000 ConcurrentGCThread "G1 Main Marker" [stack: 0x00000046e6700000,0x00000046e6800000] [id=21316]
  0x0000022a960f4000 ConcurrentGCThread "G1 Conc#0" [stack: 0x00000046e6800000,0x00000046e6900000] [id=20188]
  0x0000022ab66ea800 ConcurrentGCThread "G1 Refine#0" [stack: 0x00000046e6900000,0x00000046e6a00000] [id=17268]
  0x0000022ab66eb800 ConcurrentGCThread "G1 Young RemSet Sampling" [stack: 0x00000046e6a00000,0x00000046e6b00000] [id=6320]

Threads with active compile tasks:
C2 CompilerThread0    42570 2878       4       java.util.AbstractCollection::addAll (42 bytes)

VM state:not at safepoint (normal execution)

VM Mutex/Monitor currently owned by a thread: None

Heap address: 0x0000000080000000, size: 2048 MB, Compressed Oops mode: 32-bit
Narrow klass base: 0x0000000000000000, Narrow klass shift: 3
Compressed class space size: 528482304 Address: 0x0000000100000000

Heap:
 garbage-first heap   total 258048K, used 25447K [0x0000000080000000, 0x0000000100000000)
  region size 1024K, 13 young (13312K), 9 survivors (9216K)
 Metaspace       used 35507K, capacity 36280K, committed 36560K, reserved 548864K
  class space    used 4559K, capacity 4880K, committed 4992K, reserved 516096K
Heap Regions: E=young(eden), S=young(survivor), O=old, HS=humongous(starts), HC=humongous(continues), CS=collection set, F=free, A=archive, TAMS=top-at-mark-start (previous, next)
|   0|0x0000000080000000, 0x0000000080100000, 0x0000000080100000|100%|HS|  |TAMS 0x0000000080100000, 0x0000000080000000| Complete 
|   1|0x0000000080100000, 0x0000000080200000, 0x0000000080200000|100%|HC|  |TAMS 0x0000000080200000, 0x0000000080100000| Complete 
|   2|0x0000000080200000, 0x0000000080300000, 0x0000000080300000|100%|HC|  |TAMS 0x0000000080300000, 0x0000000080200000| Complete 
|   3|0x0000000080300000, 0x0000000080400000, 0x0000000080400000|100%| O|  |TAMS 0x0000000080400000, 0x0000000080300000| Untracked 
|   4|0x0000000080400000, 0x0000000080500000, 0x0000000080500000|100%| O|  |TAMS 0x0000000080500000, 0x0000000080400000| Untracked 
|   5|0x0000000080500000, 0x0000000080600000, 0x0000000080600000|100%| O|  |TAMS 0x0000000080600000, 0x0000000080500000| Untracked 
|   6|0x0000000080600000, 0x0000000080700000, 0x0000000080700000|100%| O|  |TAMS 0x0000000080700000, 0x0000000080600000| Untracked 
|   7|0x0000000080700000, 0x0000000080800000, 0x0000000080800000|100%| O|  |TAMS 0x0000000080800000, 0x0000000080700000| Untracked 
|   8|0x0000000080800000, 0x0000000080900000, 0x0000000080900000|100%| O|  |TAMS 0x0000000080900000, 0x0000000080800000| Untracked 
|   9|0x0000000080900000, 0x0000000080a00000, 0x0000000080a00000|100%| O|  |TAMS 0x0000000080a00000, 0x0000000080900000| Untracked 
|  10|0x0000000080a00000, 0x0000000080b00000, 0x0000000080b00000|100%| O|  |TAMS 0x0000000080b00000, 0x0000000080a00000| Untracked 
|  11|0x0000000080b00000, 0x0000000080c00000, 0x0000000080c00000|100%| O|  |TAMS 0x0000000080c00000, 0x0000000080b00000| Untracked 
|  12|0x0000000080c00000, 0x0000000080cde000, 0x0000000080d00000| 86%| O|  |TAMS 0x0000000080cde000, 0x0000000080c00000| Untracked 
|  13|0x0000000080d00000, 0x0000000080d00000, 0x0000000080e00000|  0%| F|  |TAMS 0x0000000080d00000, 0x0000000080d00000| Untracked 
|  14|0x0000000080e00000, 0x0000000080e00000, 0x0000000080f00000|  0%| F|  |TAMS 0x0000000080e00000, 0x0000000080e00000| Untracked 
|  15|0x0000000080f00000, 0x0000000080f00000, 0x0000000081000000|  0%| F|  |TAMS 0x0000000080f00000, 0x0000000080f00000| Untracked 
|  16|0x0000000081000000, 0x0000000081000000, 0x0000000081100000|  0%| F|  |TAMS 0x0000000081000000, 0x0000000081000000| Untracked 
|  17|0x0000000081100000, 0x0000000081100000, 0x0000000081200000|  0%| F|  |TAMS 0x0000000081100000, 0x0000000081100000| Untracked 
|  18|0x0000000081200000, 0x0000000081200000, 0x0000000081300000|  0%| F|  |TAMS 0x0000000081200000, 0x0000000081200000| Untracked 
|  19|0x0000000081300000, 0x0000000081300000, 0x0000000081400000|  0%| F|  |TAMS 0x0000000081300000, 0x0000000081300000| Untracked 
|  20|0x0000000081400000, 0x0000000081400000, 0x0000000081500000|  0%| F|  |TAMS 0x0000000081400000, 0x0000000081400000| Untracked 
|  21|0x0000000081500000, 0x0000000081500000, 0x0000000081600000|  0%| F|  |TAMS 0x0000000081500000, 0x0000000081500000| Untracked 
|  22|0x0000000081600000, 0x0000000081600000, 0x0000000081700000|  0%| F|  |TAMS 0x0000000081600000, 0x0000000081600000| Untracked 
|  23|0x0000000081700000, 0x0000000081700000, 0x0000000081800000|  0%| F|  |TAMS 0x0000000081700000, 0x0000000081700000| Untracked 
|  24|0x0000000081800000, 0x0000000081800000, 0x0000000081900000|  0%| F|  |TAMS 0x0000000081800000, 0x0000000081800000| Untracked 
|  25|0x0000000081900000, 0x0000000081900000, 0x0000000081a00000|  0%| F|  |TAMS 0x0000000081900000, 0x0000000081900000| Untracked 
|  26|0x0000000081a00000, 0x0000000081a00000, 0x0000000081b00000|  0%| F|  |TAMS 0x0000000081a00000, 0x0000000081a00000| Untracked 
|  27|0x0000000081b00000, 0x0000000081b00000, 0x0000000081c00000|  0%| F|  |TAMS 0x0000000081b00000, 0x0000000081b00000| Untracked 
|  28|0x0000000081c00000, 0x0000000081c00000, 0x0000000081d00000|  0%| F|  |TAMS 0x0000000081c00000, 0x0000000081c00000| Untracked 
|  29|0x0000000081d00000, 0x0000000081d00000, 0x0000000081e00000|  0%| F|  |TAMS 0x0000000081d00000, 0x0000000081d00000| Untracked 
|  30|0x0000000081e00000, 0x0000000081e00000, 0x0000000081f00000|  0%| F|  |TAMS 0x0000000081e00000, 0x0000000081e00000| Untracked 
|  31|0x0000000081f00000, 0x0000000081f00000, 0x0000000082000000|  0%| F|  |TAMS 0x0000000081f00000, 0x0000000081f00000| Untracked 
|  32|0x0000000082000000, 0x0000000082000000, 0x0000000082100000|  0%| F|  |TAMS 0x0000000082000000, 0x0000000082000000| Untracked 
|  33|0x0000000082100000, 0x0000000082100000, 0x0000000082200000|  0%| F|  |TAMS 0x0000000082100000, 0x0000000082100000| Untracked 
|  34|0x0000000082200000, 0x0000000082200000, 0x0000000082300000|  0%| F|  |TAMS 0x0000000082200000, 0x0000000082200000| Untracked 
|  35|0x0000000082300000, 0x0000000082300000, 0x0000000082400000|  0%| F|  |TAMS 0x0000000082300000, 0x0000000082300000| Untracked 
|  36|0x0000000082400000, 0x0000000082400000, 0x0000000082500000|  0%| F|  |TAMS 0x0000000082400000, 0x0000000082400000| Untracked 
|  37|0x0000000082500000, 0x0000000082500000, 0x0000000082600000|  0%| F|  |TAMS 0x0000000082500000, 0x0000000082500000| Untracked 
|  38|0x0000000082600000, 0x0000000082600000, 0x0000000082700000|  0%| F|  |TAMS 0x0000000082600000, 0x0000000082600000| Untracked 
|  39|0x0000000082700000, 0x0000000082700000, 0x0000000082800000|  0%| F|  |TAMS 0x0000000082700000, 0x0000000082700000| Untracked 
|  40|0x0000000082800000, 0x0000000082800000, 0x0000000082900000|  0%| F|  |TAMS 0x0000000082800000, 0x0000000082800000| Untracked 
|  41|0x0000000082900000, 0x0000000082900000, 0x0000000082a00000|  0%| F|  |TAMS 0x0000000082900000, 0x0000000082900000| Untracked 
|  42|0x0000000082a00000, 0x0000000082a00000, 0x0000000082b00000|  0%| F|  |TAMS 0x0000000082a00000, 0x0000000082a00000| Untracked 
|  43|0x0000000082b00000, 0x0000000082b00000, 0x0000000082c00000|  0%| F|  |TAMS 0x0000000082b00000, 0x0000000082b00000| Untracked 
|  44|0x0000000082c00000, 0x0000000082c00000, 0x0000000082d00000|  0%| F|  |TAMS 0x0000000082c00000, 0x0000000082c00000| Untracked 
|  45|0x0000000082d00000, 0x0000000082d00000, 0x0000000082e00000|  0%| F|  |TAMS 0x0000000082d00000, 0x0000000082d00000| Untracked 
|  46|0x0000000082e00000, 0x0000000082e00000, 0x0000000082f00000|  0%| F|  |TAMS 0x0000000082e00000, 0x0000000082e00000| Untracked 
|  47|0x0000000082f00000, 0x0000000082f00000, 0x0000000083000000|  0%| F|  |TAMS 0x0000000082f00000, 0x0000000082f00000| Untracked 
|  48|0x0000000083000000, 0x0000000083000000, 0x0000000083100000|  0%| F|  |TAMS 0x0000000083000000, 0x0000000083000000| Untracked 
|  49|0x0000000083100000, 0x0000000083100000, 0x0000000083200000|  0%| F|  |TAMS 0x0000000083100000, 0x0000000083100000| Untracked 
|  50|0x0000000083200000, 0x0000000083200000, 0x0000000083300000|  0%| F|  |TAMS 0x0000000083200000, 0x0000000083200000| Untracked 
|  51|0x0000000083300000, 0x0000000083300000, 0x0000000083400000|  0%| F|  |TAMS 0x0000000083300000, 0x0000000083300000| Untracked 
|  52|0x0000000083400000, 0x0000000083400000, 0x0000000083500000|  0%| F|  |TAMS 0x0000000083400000, 0x0000000083400000| Untracked 
|  53|0x0000000083500000, 0x0000000083500000, 0x0000000083600000|  0%| F|  |TAMS 0x0000000083500000, 0x0000000083500000| Untracked 
|  54|0x0000000083600000, 0x0000000083600000, 0x0000000083700000|  0%| F|  |TAMS 0x0000000083600000, 0x0000000083600000| Untracked 
|  55|0x0000000083700000, 0x0000000083700000, 0x0000000083800000|  0%| F|  |TAMS 0x0000000083700000, 0x0000000083700000| Untracked 
|  56|0x0000000083800000, 0x0000000083800000, 0x0000000083900000|  0%| F|  |TAMS 0x0000000083800000, 0x0000000083800000| Untracked 
|  57|0x0000000083900000, 0x0000000083900000, 0x0000000083a00000|  0%| F|  |TAMS 0x0000000083900000, 0x0000000083900000| Untracked 
|  58|0x0000000083a00000, 0x0000000083a00000, 0x0000000083b00000|  0%| F|  |TAMS 0x0000000083a00000, 0x0000000083a00000| Untracked 
|  59|0x0000000083b00000, 0x0000000083b00000, 0x0000000083c00000|  0%| F|  |TAMS 0x0000000083b00000, 0x0000000083b00000| Untracked 
|  60|0x0000000083c00000, 0x0000000083c00000, 0x0000000083d00000|  0%| F|  |TAMS 0x0000000083c00000, 0x0000000083c00000| Untracked 
|  61|0x0000000083d00000, 0x0000000083d00000, 0x0000000083e00000|  0%| F|  |TAMS 0x0000000083d00000, 0x0000000083d00000| Untracked 
|  62|0x0000000083e00000, 0x0000000083e00000, 0x0000000083f00000|  0%| F|  |TAMS 0x0000000083e00000, 0x0000000083e00000| Untracked 
|  63|0x0000000083f00000, 0x0000000083f00000, 0x0000000084000000|  0%| F|  |TAMS 0x0000000083f00000, 0x0000000083f00000| Untracked 
|  64|0x0000000084000000, 0x0000000084000000, 0x0000000084100000|  0%| F|  |TAMS 0x0000000084000000, 0x0000000084000000| Untracked 
|  65|0x0000000084100000, 0x0000000084100000, 0x0000000084200000|  0%| F|  |TAMS 0x0000000084100000, 0x0000000084100000| Untracked 
|  66|0x0000000084200000, 0x0000000084200000, 0x0000000084300000|  0%| F|  |TAMS 0x0000000084200000, 0x0000000084200000| Untracked 
|  67|0x0000000084300000, 0x0000000084300000, 0x0000000084400000|  0%| F|  |TAMS 0x0000000084300000, 0x0000000084300000| Untracked 
|  68|0x0000000084400000, 0x0000000084400000, 0x0000000084500000|  0%| F|  |TAMS 0x0000000084400000, 0x0000000084400000| Untracked 
|  69|0x0000000084500000, 0x0000000084500000, 0x0000000084600000|  0%| F|  |TAMS 0x0000000084500000, 0x0000000084500000| Untracked 
|  70|0x0000000084600000, 0x0000000084600000, 0x0000000084700000|  0%| F|  |TAMS 0x0000000084600000, 0x0000000084600000| Untracked 
|  71|0x0000000084700000, 0x0000000084700000, 0x0000000084800000|  0%| F|  |TAMS 0x0000000084700000, 0x0000000084700000| Untracked 
|  72|0x0000000084800000, 0x0000000084800000, 0x0000000084900000|  0%| F|  |TAMS 0x0000000084800000, 0x0000000084800000| Untracked 
|  73|0x0000000084900000, 0x0000000084900000, 0x0000000084a00000|  0%| F|  |TAMS 0x0000000084900000, 0x0000000084900000| Untracked 
|  74|0x0000000084a00000, 0x0000000084a00000, 0x0000000084b00000|  0%| F|  |TAMS 0x0000000084a00000, 0x0000000084a00000| Untracked 
|  75|0x0000000084b00000, 0x0000000084b00000, 0x0000000084c00000|  0%| F|  |TAMS 0x0000000084b00000, 0x0000000084b00000| Untracked 
|  76|0x0000000084c00000, 0x0000000084c00000, 0x0000000084d00000|  0%| F|  |TAMS 0x0000000084c00000, 0x0000000084c00000| Untracked 
|  77|0x0000000084d00000, 0x0000000084d00000, 0x0000000084e00000|  0%| F|  |TAMS 0x0000000084d00000, 0x0000000084d00000| Untracked 
|  78|0x0000000084e00000, 0x0000000084e00000, 0x0000000084f00000|  0%| F|  |TAMS 0x0000000084e00000, 0x0000000084e00000| Untracked 
|  79|0x0000000084f00000, 0x0000000084f00000, 0x0000000085000000|  0%| F|  |TAMS 0x0000000084f00000, 0x0000000084f00000| Untracked 
|  80|0x0000000085000000, 0x0000000085000000, 0x0000000085100000|  0%| F|  |TAMS 0x0000000085000000, 0x0000000085000000| Untracked 
|  81|0x0000000085100000, 0x0000000085100000, 0x0000000085200000|  0%| F|  |TAMS 0x0000000085100000, 0x0000000085100000| Untracked 
|  82|0x0000000085200000, 0x0000000085200000, 0x0000000085300000|  0%| F|  |TAMS 0x0000000085200000, 0x0000000085200000| Untracked 
|  83|0x0000000085300000, 0x0000000085300000, 0x0000000085400000|  0%| F|  |TAMS 0x0000000085300000, 0x0000000085300000| Untracked 
|  84|0x0000000085400000, 0x0000000085400000, 0x0000000085500000|  0%| F|  |TAMS 0x0000000085400000, 0x0000000085400000| Untracked 
|  85|0x0000000085500000, 0x0000000085500000, 0x0000000085600000|  0%| F|  |TAMS 0x0000000085500000, 0x0000000085500000| Untracked 
|  86|0x0000000085600000, 0x0000000085600000, 0x0000000085700000|  0%| F|  |TAMS 0x0000000085600000, 0x0000000085600000| Untracked 
|  87|0x0000000085700000, 0x0000000085700000, 0x0000000085800000|  0%| F|  |TAMS 0x0000000085700000, 0x0000000085700000| Untracked 
|  88|0x0000000085800000, 0x0000000085800000, 0x0000000085900000|  0%| F|  |TAMS 0x0000000085800000, 0x0000000085800000| Untracked 
|  89|0x0000000085900000, 0x0000000085900000, 0x0000000085a00000|  0%| F|  |TAMS 0x0000000085900000, 0x0000000085900000| Untracked 
|  90|0x0000000085a00000, 0x0000000085a00000, 0x0000000085b00000|  0%| F|  |TAMS 0x0000000085a00000, 0x0000000085a00000| Untracked 
|  91|0x0000000085b00000, 0x0000000085b00000, 0x0000000085c00000|  0%| F|  |TAMS 0x0000000085b00000, 0x0000000085b00000| Untracked 
|  92|0x0000000085c00000, 0x0000000085c00000, 0x0000000085d00000|  0%| F|  |TAMS 0x0000000085c00000, 0x0000000085c00000| Untracked 
|  93|0x0000000085d00000, 0x0000000085d00000, 0x0000000085e00000|  0%| F|  |TAMS 0x0000000085d00000, 0x0000000085d00000| Untracked 
|  94|0x0000000085e00000, 0x0000000085e00000, 0x0000000085f00000|  0%| F|  |TAMS 0x0000000085e00000, 0x0000000085e00000| Untracked 
|  95|0x0000000085f00000, 0x0000000085f00000, 0x0000000086000000|  0%| F|  |TAMS 0x0000000085f00000, 0x0000000085f00000| Untracked 
|  96|0x0000000086000000, 0x0000000086000000, 0x0000000086100000|  0%| F|  |TAMS 0x0000000086000000, 0x0000000086000000| Untracked 
|  97|0x0000000086100000, 0x0000000086100000, 0x0000000086200000|  0%| F|  |TAMS 0x0000000086100000, 0x0000000086100000| Untracked 
|  98|0x0000000086200000, 0x0000000086200000, 0x0000000086300000|  0%| F|  |TAMS 0x0000000086200000, 0x0000000086200000| Untracked 
|  99|0x0000000086300000, 0x0000000086300000, 0x0000000086400000|  0%| F|  |TAMS 0x0000000086300000, 0x0000000086300000| Untracked 
| 100|0x0000000086400000, 0x0000000086400000, 0x0000000086500000|  0%| F|  |TAMS 0x0000000086400000, 0x0000000086400000| Untracked 
| 101|0x0000000086500000, 0x0000000086500000, 0x0000000086600000|  0%| F|  |TAMS 0x0000000086500000, 0x0000000086500000| Untracked 
| 102|0x0000000086600000, 0x0000000086600000, 0x0000000086700000|  0%| F|  |TAMS 0x0000000086600000, 0x0000000086600000| Untracked 
| 103|0x0000000086700000, 0x0000000086700000, 0x0000000086800000|  0%| F|  |TAMS 0x0000000086700000, 0x0000000086700000| Untracked 
| 104|0x0000000086800000, 0x0000000086800000, 0x0000000086900000|  0%| F|  |TAMS 0x0000000086800000, 0x0000000086800000| Untracked 
| 105|0x0000000086900000, 0x0000000086900000, 0x0000000086a00000|  0%| F|  |TAMS 0x0000000086900000, 0x0000000086900000| Untracked 
| 106|0x0000000086a00000, 0x0000000086a00000, 0x0000000086b00000|  0%| F|  |TAMS 0x0000000086a00000, 0x0000000086a00000| Untracked 
| 107|0x0000000086b00000, 0x0000000086b00000, 0x0000000086c00000|  0%| F|  |TAMS 0x0000000086b00000, 0x0000000086b00000| Untracked 
| 108|0x0000000086c00000, 0x0000000086c00000, 0x0000000086d00000|  0%| F|  |TAMS 0x0000000086c00000, 0x0000000086c00000| Untracked 
| 109|0x0000000086d00000, 0x0000000086d00000, 0x0000000086e00000|  0%| F|  |TAMS 0x0000000086d00000, 0x0000000086d00000| Untracked 
| 110|0x0000000086e00000, 0x0000000086e00000, 0x0000000086f00000|  0%| F|  |TAMS 0x0000000086e00000, 0x0000000086e00000| Untracked 
| 111|0x0000000086f00000, 0x0000000086f00000, 0x0000000087000000|  0%| F|  |TAMS 0x0000000086f00000, 0x0000000086f00000| Untracked 
| 112|0x0000000087000000, 0x0000000087000000, 0x0000000087100000|  0%| F|  |TAMS 0x0000000087000000, 0x0000000087000000| Untracked 
| 113|0x0000000087100000, 0x0000000087100000, 0x0000000087200000|  0%| F|  |TAMS 0x0000000087100000, 0x0000000087100000| Untracked 
| 114|0x0000000087200000, 0x0000000087200000, 0x0000000087300000|  0%| F|  |TAMS 0x0000000087200000, 0x0000000087200000| Untracked 
| 115|0x0000000087300000, 0x0000000087300000, 0x0000000087400000|  0%| F|  |TAMS 0x0000000087300000, 0x0000000087300000| Untracked 
| 116|0x0000000087400000, 0x0000000087400000, 0x0000000087500000|  0%| F|  |TAMS 0x0000000087400000, 0x0000000087400000| Untracked 
| 117|0x0000000087500000, 0x0000000087500000, 0x0000000087600000|  0%| F|  |TAMS 0x0000000087500000, 0x0000000087500000| Untracked 
| 118|0x0000000087600000, 0x0000000087600000, 0x0000000087700000|  0%| F|  |TAMS 0x0000000087600000, 0x0000000087600000| Untracked 
| 119|0x0000000087700000, 0x0000000087700000, 0x0000000087800000|  0%| F|  |TAMS 0x0000000087700000, 0x0000000087700000| Untracked 
| 120|0x0000000087800000, 0x0000000087800000, 0x0000000087900000|  0%| F|  |TAMS 0x0000000087800000, 0x0000000087800000| Untracked 
| 121|0x0000000087900000, 0x0000000087900000, 0x0000000087a00000|  0%| F|  |TAMS 0x0000000087900000, 0x0000000087900000| Untracked 
| 122|0x0000000087a00000, 0x0000000087a00000, 0x0000000087b00000|  0%| F|  |TAMS 0x0000000087a00000, 0x0000000087a00000| Untracked 
| 123|0x0000000087b00000, 0x0000000087b00000, 0x0000000087c00000|  0%| F|  |TAMS 0x0000000087b00000, 0x0000000087b00000| Untracked 
| 124|0x0000000087c00000, 0x0000000087c00000, 0x0000000087d00000|  0%| F|  |TAMS 0x0000000087c00000, 0x0000000087c00000| Untracked 
| 125|0x0000000087d00000, 0x0000000087d00000, 0x0000000087e00000|  0%| F|  |TAMS 0x0000000087d00000, 0x0000000087d00000| Untracked 
| 126|0x0000000087e00000, 0x0000000087e00000, 0x0000000087f00000|  0%| F|  |TAMS 0x0000000087e00000, 0x0000000087e00000| Untracked 
| 127|0x0000000087f00000, 0x0000000087f00000, 0x0000000088000000|  0%| F|  |TAMS 0x0000000087f00000, 0x0000000087f00000| Untracked 
| 128|0x0000000088000000, 0x0000000088000000, 0x0000000088100000|  0%| F|  |TAMS 0x0000000088000000, 0x0000000088000000| Untracked 
| 129|0x0000000088100000, 0x0000000088100000, 0x0000000088200000|  0%| F|  |TAMS 0x0000000088100000, 0x0000000088100000| Untracked 
| 130|0x0000000088200000, 0x0000000088200000, 0x0000000088300000|  0%| F|  |TAMS 0x0000000088200000, 0x0000000088200000| Untracked 
| 131|0x0000000088300000, 0x0000000088300000, 0x0000000088400000|  0%| F|  |TAMS 0x0000000088300000, 0x0000000088300000| Untracked 
| 132|0x0000000088400000, 0x0000000088400000, 0x0000000088500000|  0%| F|  |TAMS 0x0000000088400000, 0x0000000088400000| Untracked 
| 133|0x0000000088500000, 0x0000000088500000, 0x0000000088600000|  0%| F|  |TAMS 0x0000000088500000, 0x0000000088500000| Untracked 
| 134|0x0000000088600000, 0x0000000088600000, 0x0000000088700000|  0%| F|  |TAMS 0x0000000088600000, 0x0000000088600000| Untracked 
| 135|0x0000000088700000, 0x0000000088700000, 0x0000000088800000|  0%| F|  |TAMS 0x0000000088700000, 0x0000000088700000| Untracked 
| 136|0x0000000088800000, 0x0000000088800000, 0x0000000088900000|  0%| F|  |TAMS 0x0000000088800000, 0x0000000088800000| Untracked 
| 137|0x0000000088900000, 0x0000000088900000, 0x0000000088a00000|  0%| F|  |TAMS 0x0000000088900000, 0x0000000088900000| Untracked 
| 138|0x0000000088a00000, 0x0000000088a00000, 0x0000000088b00000|  0%| F|  |TAMS 0x0000000088a00000, 0x0000000088a00000| Untracked 
| 139|0x0000000088b00000, 0x0000000088b00000, 0x0000000088c00000|  0%| F|  |TAMS 0x0000000088b00000, 0x0000000088b00000| Untracked 
| 140|0x0000000088c00000, 0x0000000088c00000, 0x0000000088d00000|  0%| F|  |TAMS 0x0000000088c00000, 0x0000000088c00000| Untracked 
| 141|0x0000000088d00000, 0x0000000088d00000, 0x0000000088e00000|  0%| F|  |TAMS 0x0000000088d00000, 0x0000000088d00000| Untracked 
| 142|0x0000000088e00000, 0x0000000088e00000, 0x0000000088f00000|  0%| F|  |TAMS 0x0000000088e00000, 0x0000000088e00000| Untracked 
| 143|0x0000000088f00000, 0x0000000088f00000, 0x0000000089000000|  0%| F|  |TAMS 0x0000000088f00000, 0x0000000088f00000| Untracked 
| 144|0x0000000089000000, 0x0000000089000000, 0x0000000089100000|  0%| F|  |TAMS 0x0000000089000000, 0x0000000089000000| Untracked 
| 145|0x0000000089100000, 0x0000000089100000, 0x0000000089200000|  0%| F|  |TAMS 0x0000000089100000, 0x0000000089100000| Untracked 
| 146|0x0000000089200000, 0x0000000089200000, 0x0000000089300000|  0%| F|  |TAMS 0x0000000089200000, 0x0000000089200000| Untracked 
| 147|0x0000000089300000, 0x0000000089300000, 0x0000000089400000|  0%| F|  |TAMS 0x0000000089300000, 0x0000000089300000| Untracked 
| 148|0x0000000089400000, 0x0000000089400000, 0x0000000089500000|  0%| F|  |TAMS 0x0000000089400000, 0x0000000089400000| Untracked 
| 149|0x0000000089500000, 0x0000000089500000, 0x0000000089600000|  0%| F|  |TAMS 0x0000000089500000, 0x0000000089500000| Untracked 
| 150|0x0000000089600000, 0x0000000089600000, 0x0000000089700000|  0%| F|  |TAMS 0x0000000089600000, 0x0000000089600000| Untracked 
| 151|0x0000000089700000, 0x0000000089700000, 0x0000000089800000|  0%| F|  |TAMS 0x0000000089700000, 0x0000000089700000| Untracked 
| 152|0x0000000089800000, 0x0000000089800000, 0x0000000089900000|  0%| F|  |TAMS 0x0000000089800000, 0x0000000089800000| Untracked 
| 153|0x0000000089900000, 0x0000000089900000, 0x0000000089a00000|  0%| F|  |TAMS 0x0000000089900000, 0x0000000089900000| Untracked 
| 154|0x0000000089a00000, 0x0000000089a00000, 0x0000000089b00000|  0%| F|  |TAMS 0x0000000089a00000, 0x0000000089a00000| Untracked 
| 155|0x0000000089b00000, 0x0000000089b00000, 0x0000000089c00000|  0%| F|  |TAMS 0x0000000089b00000, 0x0000000089b00000| Untracked 
| 156|0x0000000089c00000, 0x0000000089c00000, 0x0000000089d00000|  0%| F|  |TAMS 0x0000000089c00000, 0x0000000089c00000| Untracked 
| 157|0x0000000089d00000, 0x0000000089d00000, 0x0000000089e00000|  0%| F|  |TAMS 0x0000000089d00000, 0x0000000089d00000| Untracked 
| 158|0x0000000089e00000, 0x0000000089e00000, 0x0000000089f00000|  0%| F|  |TAMS 0x0000000089e00000, 0x0000000089e00000| Untracked 
| 159|0x0000000089f00000, 0x0000000089f00000, 0x000000008a000000|  0%| F|  |TAMS 0x0000000089f00000, 0x0000000089f00000| Untracked 
| 160|0x000000008a000000, 0x000000008a000000, 0x000000008a100000|  0%| F|  |TAMS 0x000000008a000000, 0x000000008a000000| Untracked 
| 161|0x000000008a100000, 0x000000008a100000, 0x000000008a200000|  0%| F|  |TAMS 0x000000008a100000, 0x000000008a100000| Untracked 
| 162|0x000000008a200000, 0x000000008a200000, 0x000000008a300000|  0%| F|  |TAMS 0x000000008a200000, 0x000000008a200000| Untracked 
| 163|0x000000008a300000, 0x000000008a300000, 0x000000008a400000|  0%| F|  |TAMS 0x000000008a300000, 0x000000008a300000| Untracked 
| 164|0x000000008a400000, 0x000000008a400000, 0x000000008a500000|  0%| F|  |TAMS 0x000000008a400000, 0x000000008a400000| Untracked 
| 165|0x000000008a500000, 0x000000008a500000, 0x000000008a600000|  0%| F|  |TAMS 0x000000008a500000, 0x000000008a500000| Untracked 
| 166|0x000000008a600000, 0x000000008a600000, 0x000000008a700000|  0%| F|  |TAMS 0x000000008a600000, 0x000000008a600000| Untracked 
| 167|0x000000008a700000, 0x000000008a700000, 0x000000008a800000|  0%| F|  |TAMS 0x000000008a700000, 0x000000008a700000| Untracked 
| 168|0x000000008a800000, 0x000000008a800000, 0x000000008a900000|  0%| F|  |TAMS 0x000000008a800000, 0x000000008a800000| Untracked 
| 169|0x000000008a900000, 0x000000008a900000, 0x000000008aa00000|  0%| F|  |TAMS 0x000000008a900000, 0x000000008a900000| Untracked 
| 170|0x000000008aa00000, 0x000000008aa00000, 0x000000008ab00000|  0%| F|  |TAMS 0x000000008aa00000, 0x000000008aa00000| Untracked 
| 171|0x000000008ab00000, 0x000000008abfbd40, 0x000000008ac00000| 98%| S|CS|TAMS 0x000000008ab00000, 0x000000008ab00000| Complete 
| 172|0x000000008ac00000, 0x000000008ad00000, 0x000000008ad00000|100%| S|CS|TAMS 0x000000008ac00000, 0x000000008ac00000| Complete 
| 173|0x000000008ad00000, 0x000000008ae00000, 0x000000008ae00000|100%| S|CS|TAMS 0x000000008ad00000, 0x000000008ad00000| Complete 
| 174|0x000000008ae00000, 0x000000008af00000, 0x000000008af00000|100%| S|CS|TAMS 0x000000008ae00000, 0x000000008ae00000| Complete 
| 175|0x000000008af00000, 0x000000008b000000, 0x000000008b000000|100%| S|CS|TAMS 0x000000008af00000, 0x000000008af00000| Complete 
| 176|0x000000008b000000, 0x000000008b100000, 0x000000008b100000|100%| S|CS|TAMS 0x000000008b000000, 0x000000008b000000| Complete 
| 177|0x000000008b100000, 0x000000008b200000, 0x000000008b200000|100%| S|CS|TAMS 0x000000008b100000, 0x000000008b100000| Complete 
| 178|0x000000008b200000, 0x000000008b300000, 0x000000008b300000|100%| S|CS|TAMS 0x000000008b200000, 0x000000008b200000| Complete 
| 179|0x000000008b300000, 0x000000008b400000, 0x000000008b400000|100%| S|CS|TAMS 0x000000008b300000, 0x000000008b300000| Complete 
| 180|0x000000008b400000, 0x000000008b400000, 0x000000008b500000|  0%| F|  |TAMS 0x000000008b400000, 0x000000008b400000| Untracked 
| 181|0x000000008b500000, 0x000000008b500000, 0x000000008b600000|  0%| F|  |TAMS 0x000000008b500000, 0x000000008b500000| Untracked 
| 182|0x000000008b600000, 0x000000008b600000, 0x000000008b700000|  0%| F|  |TAMS 0x000000008b600000, 0x000000008b600000| Untracked 
| 183|0x000000008b700000, 0x000000008b700000, 0x000000008b800000|  0%| F|  |TAMS 0x000000008b700000, 0x000000008b700000| Untracked 
| 184|0x000000008b800000, 0x000000008b800000, 0x000000008b900000|  0%| F|  |TAMS 0x000000008b800000, 0x000000008b800000| Untracked 
| 185|0x000000008b900000, 0x000000008b900000, 0x000000008ba00000|  0%| F|  |TAMS 0x000000008b900000, 0x000000008b900000| Untracked 
| 186|0x000000008ba00000, 0x000000008ba00000, 0x000000008bb00000|  0%| F|  |TAMS 0x000000008ba00000, 0x000000008ba00000| Untracked 
| 187|0x000000008bb00000, 0x000000008bb00000, 0x000000008bc00000|  0%| F|  |TAMS 0x000000008bb00000, 0x000000008bb00000| Untracked 
| 188|0x000000008bc00000, 0x000000008bc00000, 0x000000008bd00000|  0%| F|  |TAMS 0x000000008bc00000, 0x000000008bc00000| Untracked 
| 189|0x000000008bd00000, 0x000000008bd00000, 0x000000008be00000|  0%| F|  |TAMS 0x000000008bd00000, 0x000000008bd00000| Untracked 
| 190|0x000000008be00000, 0x000000008be00000, 0x000000008bf00000|  0%| F|  |TAMS 0x000000008be00000, 0x000000008be00000| Untracked 
| 191|0x000000008bf00000, 0x000000008bf00000, 0x000000008c000000|  0%| F|  |TAMS 0x000000008bf00000, 0x000000008bf00000| Untracked 
| 192|0x000000008c000000, 0x000000008c000000, 0x000000008c100000|  0%| F|  |TAMS 0x000000008c000000, 0x000000008c000000| Untracked 
| 193|0x000000008c100000, 0x000000008c100000, 0x000000008c200000|  0%| F|  |TAMS 0x000000008c100000, 0x000000008c100000| Untracked 
| 194|0x000000008c200000, 0x000000008c200000, 0x000000008c300000|  0%| F|  |TAMS 0x000000008c200000, 0x000000008c200000| Untracked 
| 195|0x000000008c300000, 0x000000008c300000, 0x000000008c400000|  0%| F|  |TAMS 0x000000008c300000, 0x000000008c300000| Untracked 
| 196|0x000000008c400000, 0x000000008c400000, 0x000000008c500000|  0%| F|  |TAMS 0x000000008c400000, 0x000000008c400000| Untracked 
| 197|0x000000008c500000, 0x000000008c500000, 0x000000008c600000|  0%| F|  |TAMS 0x000000008c500000, 0x000000008c500000| Untracked 
| 198|0x000000008c600000, 0x000000008c600000, 0x000000008c700000|  0%| F|  |TAMS 0x000000008c600000, 0x000000008c600000| Untracked 
| 199|0x000000008c700000, 0x000000008c700000, 0x000000008c800000|  0%| F|  |TAMS 0x000000008c700000, 0x000000008c700000| Untracked 
| 200|0x000000008c800000, 0x000000008c800000, 0x000000008c900000|  0%| F|  |TAMS 0x000000008c800000, 0x000000008c800000| Untracked 
| 201|0x000000008c900000, 0x000000008c900000, 0x000000008ca00000|  0%| F|  |TAMS 0x000000008c900000, 0x000000008c900000| Untracked 
| 202|0x000000008ca00000, 0x000000008ca00000, 0x000000008cb00000|  0%| F|  |TAMS 0x000000008ca00000, 0x000000008ca00000| Untracked 
| 203|0x000000008cb00000, 0x000000008cb00000, 0x000000008cc00000|  0%| F|  |TAMS 0x000000008cb00000, 0x000000008cb00000| Untracked 
| 204|0x000000008cc00000, 0x000000008cc00000, 0x000000008cd00000|  0%| F|  |TAMS 0x000000008cc00000, 0x000000008cc00000| Untracked 
| 205|0x000000008cd00000, 0x000000008cd00000, 0x000000008ce00000|  0%| F|  |TAMS 0x000000008cd00000, 0x000000008cd00000| Untracked 
| 206|0x000000008ce00000, 0x000000008ce00000, 0x000000008cf00000|  0%| F|  |TAMS 0x000000008ce00000, 0x000000008ce00000| Untracked 
| 207|0x000000008cf00000, 0x000000008cf00000, 0x000000008d000000|  0%| F|  |TAMS 0x000000008cf00000, 0x000000008cf00000| Untracked 
| 208|0x000000008d000000, 0x000000008d000000, 0x000000008d100000|  0%| F|  |TAMS 0x000000008d000000, 0x000000008d000000| Untracked 
| 209|0x000000008d100000, 0x000000008d100000, 0x000000008d200000|  0%| F|  |TAMS 0x000000008d100000, 0x000000008d100000| Untracked 
| 210|0x000000008d200000, 0x000000008d200000, 0x000000008d300000|  0%| F|  |TAMS 0x000000008d200000, 0x000000008d200000| Untracked 
| 211|0x000000008d300000, 0x000000008d300000, 0x000000008d400000|  0%| F|  |TAMS 0x000000008d300000, 0x000000008d300000| Untracked 
| 212|0x000000008d400000, 0x000000008d400000, 0x000000008d500000|  0%| F|  |TAMS 0x000000008d400000, 0x000000008d400000| Untracked 
| 213|0x000000008d500000, 0x000000008d500000, 0x000000008d600000|  0%| F|  |TAMS 0x000000008d500000, 0x000000008d500000| Untracked 
| 214|0x000000008d600000, 0x000000008d600000, 0x000000008d700000|  0%| F|  |TAMS 0x000000008d600000, 0x000000008d600000| Untracked 
| 215|0x000000008d700000, 0x000000008d700000, 0x000000008d800000|  0%| F|  |TAMS 0x000000008d700000, 0x000000008d700000| Untracked 
| 216|0x000000008d800000, 0x000000008d800000, 0x000000008d900000|  0%| F|  |TAMS 0x000000008d800000, 0x000000008d800000| Untracked 
| 217|0x000000008d900000, 0x000000008d900000, 0x000000008da00000|  0%| F|  |TAMS 0x000000008d900000, 0x000000008d900000| Untracked 
| 218|0x000000008da00000, 0x000000008da00000, 0x000000008db00000|  0%| F|  |TAMS 0x000000008da00000, 0x000000008da00000| Untracked 
| 219|0x000000008db00000, 0x000000008db00000, 0x000000008dc00000|  0%| F|  |TAMS 0x000000008db00000, 0x000000008db00000| Untracked 
| 220|0x000000008dc00000, 0x000000008dc00000, 0x000000008dd00000|  0%| F|  |TAMS 0x000000008dc00000, 0x000000008dc00000| Untracked 
| 221|0x000000008dd00000, 0x000000008dd00000, 0x000000008de00000|  0%| F|  |TAMS 0x000000008dd00000, 0x000000008dd00000| Untracked 
| 222|0x000000008de00000, 0x000000008de00000, 0x000000008df00000|  0%| F|  |TAMS 0x000000008de00000, 0x000000008de00000| Untracked 
| 223|0x000000008df00000, 0x000000008df00000, 0x000000008e000000|  0%| F|  |TAMS 0x000000008df00000, 0x000000008df00000| Untracked 
| 224|0x000000008e000000, 0x000000008e000000, 0x000000008e100000|  0%| F|  |TAMS 0x000000008e000000, 0x000000008e000000| Untracked 
| 225|0x000000008e100000, 0x000000008e100000, 0x000000008e200000|  0%| F|  |TAMS 0x000000008e100000, 0x000000008e100000| Untracked 
| 226|0x000000008e200000, 0x000000008e200000, 0x000000008e300000|  0%| F|  |TAMS 0x000000008e200000, 0x000000008e200000| Untracked 
| 227|0x000000008e300000, 0x000000008e300000, 0x000000008e400000|  0%| F|  |TAMS 0x000000008e300000, 0x000000008e300000| Untracked 
| 228|0x000000008e400000, 0x000000008e400000, 0x000000008e500000|  0%| F|  |TAMS 0x000000008e400000, 0x000000008e400000| Untracked 
| 229|0x000000008e500000, 0x000000008e500000, 0x000000008e600000|  0%| F|  |TAMS 0x000000008e500000, 0x000000008e500000| Untracked 
| 230|0x000000008e600000, 0x000000008e600000, 0x000000008e700000|  0%| F|  |TAMS 0x000000008e600000, 0x000000008e600000| Untracked 
| 231|0x000000008e700000, 0x000000008e700000, 0x000000008e800000|  0%| F|  |TAMS 0x000000008e700000, 0x000000008e700000| Untracked 
| 232|0x000000008e800000, 0x000000008e800000, 0x000000008e900000|  0%| F|  |TAMS 0x000000008e800000, 0x000000008e800000| Untracked 
| 233|0x000000008e900000, 0x000000008e900000, 0x000000008ea00000|  0%| F|  |TAMS 0x000000008e900000, 0x000000008e900000| Untracked 
| 234|0x000000008ea00000, 0x000000008ea00000, 0x000000008eb00000|  0%| F|  |TAMS 0x000000008ea00000, 0x000000008ea00000| Untracked 
| 235|0x000000008eb00000, 0x000000008eb00000, 0x000000008ec00000|  0%| F|  |TAMS 0x000000008eb00000, 0x000000008eb00000| Untracked 
| 236|0x000000008ec00000, 0x000000008ec00000, 0x000000008ed00000|  0%| F|  |TAMS 0x000000008ec00000, 0x000000008ec00000| Untracked 
| 237|0x000000008ed00000, 0x000000008ed00000, 0x000000008ee00000|  0%| F|  |TAMS 0x000000008ed00000, 0x000000008ed00000| Untracked 
| 238|0x000000008ee00000, 0x000000008ee00000, 0x000000008ef00000|  0%| F|  |TAMS 0x000000008ee00000, 0x000000008ee00000| Untracked 
| 239|0x000000008ef00000, 0x000000008ef00000, 0x000000008f000000|  0%| F|  |TAMS 0x000000008ef00000, 0x000000008ef00000| Untracked 
| 240|0x000000008f000000, 0x000000008f000000, 0x000000008f100000|  0%| F|  |TAMS 0x000000008f000000, 0x000000008f000000| Untracked 
| 241|0x000000008f100000, 0x000000008f100000, 0x000000008f200000|  0%| F|  |TAMS 0x000000008f100000, 0x000000008f100000| Untracked 
| 242|0x000000008f200000, 0x000000008f200000, 0x000000008f300000|  0%| F|  |TAMS 0x000000008f200000, 0x000000008f200000| Untracked 
| 243|0x000000008f300000, 0x000000008f300000, 0x000000008f400000|  0%| F|  |TAMS 0x000000008f300000, 0x000000008f300000| Untracked 
| 244|0x000000008f400000, 0x000000008f400000, 0x000000008f500000|  0%| F|  |TAMS 0x000000008f400000, 0x000000008f400000| Untracked 
| 245|0x000000008f500000, 0x000000008f500000, 0x000000008f600000|  0%| F|  |TAMS 0x000000008f500000, 0x000000008f500000| Untracked 
| 246|0x000000008f600000, 0x000000008f600000, 0x000000008f700000|  0%| F|  |TAMS 0x000000008f600000, 0x000000008f600000| Untracked 
| 247|0x000000008f700000, 0x000000008f700000, 0x000000008f800000|  0%| F|  |TAMS 0x000000008f700000, 0x000000008f700000| Untracked 
| 248|0x000000008f800000, 0x000000008f880800, 0x000000008f900000| 50%| E|  |TAMS 0x000000008f800000, 0x000000008f800000| Complete 
| 249|0x000000008f900000, 0x000000008fa00000, 0x000000008fa00000|100%| E|CS|TAMS 0x000000008f900000, 0x000000008f900000| Complete 
| 250|0x000000008fa00000, 0x000000008fb00000, 0x000000008fb00000|100%| E|CS|TAMS 0x000000008fa00000, 0x000000008fa00000| Complete 
| 251|0x000000008fb00000, 0x000000008fc00000, 0x000000008fc00000|100%| E|CS|TAMS 0x000000008fb00000, 0x000000008fb00000| Complete 

Card table byte_map: [0x0000022aafa40000,0x0000022aafe40000] _byte_map_base: 0x0000022aaf640000

Marking Bits (Prev, Next): (CMBitMap*) 0x0000022a960e9ef8, (CMBitMap*) 0x0000022a960e9f30
 Prev Bits: [0x0000022ab0240000, 0x0000022ab2240000)
 Next Bits: [0x0000022ab2240000, 0x0000022ab4240000)

Polling page: 0x0000022a95e80000

Metaspace:

Usage:
  Non-class:     30.73 MB capacity,    30.23 MB ( 98%) used,   429.09 KB (  1%) free+waste,    79.69 KB ( <1%) overhead. 
      Class:      4.77 MB capacity,     4.45 MB ( 93%) used,   280.05 KB (  6%) free+waste,    39.31 KB ( <1%) overhead. 
       Both:     35.49 MB capacity,    34.68 MB ( 98%) used,   709.14 KB (  2%) free+waste,   119.00 KB ( <1%) overhead. 

Virtual space:
  Non-class space:       32.00 MB reserved,      30.83 MB ( 96%) committed 
      Class space:      504.00 MB reserved,       4.88 MB ( <1%) committed 
             Both:      536.00 MB reserved,      35.70 MB (  7%) committed 

Chunk freelists:
   Non-Class:  8.00 KB
       Class:  0 bytes
        Both:  8.00 KB

MaxMetaspaceSize: 512.00 MB
CompressedClassSpaceSize: 504.00 MB
Initial GC threshold: 20.80 MB
Current GC threshold: 58.88 MB
CDS: off

CodeHeap 'non-profiled nmethods': size=120064Kb used=1408Kb max_used=1408Kb free=118655Kb
 bounds [0x0000022aa7ae0000, 0x0000022aa7d50000, 0x0000022aaf020000]
CodeHeap 'profiled nmethods': size=120000Kb used=6320Kb max_used=6320Kb free=113679Kb
 bounds [0x0000022aa05b0000, 0x0000022aa0be0000, 0x0000022aa7ae0000]
CodeHeap 'non-nmethods': size=5696Kb used=1244Kb max_used=1271Kb free=4451Kb
 bounds [0x0000022aa0020000, 0x0000022aa0290000, 0x0000022aa05b0000]
 total_blobs=3475 nmethods=2949 adapters=438
 compilation: enabled
              stopped_count=0, restarted_count=0
 full_count=0

Compilation events (20 events):
Event: 42.495 Thread 0x0000022ab7158800 nmethod 2910 0x0000022aa7c3e390 code [0x0000022aa7c3e540, 0x0000022aa7c3e5f8]
Event: 42.495 Thread 0x0000022ab7158800 2911       1       org.codehaus.groovy.util.FastArray::getArray (5 bytes)
Event: 42.495 Thread 0x0000022ab7158800 nmethod 2911 0x0000022aa7c3e690 code [0x0000022aa7c3e840, 0x0000022aa7c3e8f8]
Event: 42.497 Thread 0x0000022ab7158800 2912       3       java.util.Arrays::binarySearch (10 bytes)
Event: 42.498 Thread 0x0000022ab7158800 nmethod 2912 0x0000022aa0bc6e10 code [0x0000022aa0bc6fc0, 0x0000022aa0bc70e8]
Event: 42.498 Thread 0x0000022ab7158800 2914       3       groovy.lang.MetaClassImpl$1MOPIter::methodNameAction (325 bytes)
Event: 42.500 Thread 0x0000022ab7158800 nmethod 2914 0x0000022aa0bc7190 code [0x0000022aa0bc7580, 0x0000022aa0bc93d8]
Event: 42.500 Thread 0x0000022ab7158800 2916       3       org.codehaus.groovy.reflection.CachedClass::getSuperClassDistance (41 bytes)
Event: 42.501 Thread 0x0000022ab7158800 nmethod 2916 0x0000022aa0bc9d90 code [0x0000022aa0bc9f60, 0x0000022aa0bca1c8]
Event: 42.501 Thread 0x0000022ab7158800 2913       3       java.util.Arrays::binarySearch0 (95 bytes)
Event: 42.501 Thread 0x0000022ab7158800 nmethod 2913 0x0000022aa0bca310 code [0x0000022aa0bca500, 0x0000022aa0bca8d8]
Event: 42.503 Thread 0x0000022ab7158800 2917       3       java.lang.invoke.LambdaForm$Name::withConstraint (20 bytes)
Event: 42.503 Thread 0x0000022ab7158800 nmethod 2917 0x0000022aa0bcaa90 code [0x0000022aa0bcac60, 0x0000022aa0bcae48]
Event: 42.503 Thread 0x0000022ab7158800 2918       3       java.util.Arrays::fill (28 bytes)
Event: 42.504 Thread 0x0000022ab7158800 nmethod 2918 0x0000022aa0bcaf10 code [0x0000022aa0bcb0e0, 0x0000022aa0bcb468]
Event: 42.504 Thread 0x0000022ab7158800 2919       3       java.lang.invoke.LambdaForm::methodType (48 bytes)
Event: 42.504 Thread 0x0000022ab7158800 nmethod 2919 0x0000022aa0bcb610 code [0x0000022aa0bcb820, 0x0000022aa0bcbdd8]
Event: 42.504 Thread 0x0000022ab7158800 2920       3       java.lang.invoke.BoundMethodHandle::rebind (14 bytes)
Event: 42.505 Thread 0x0000022ab7158800 nmethod 2920 0x0000022aa0bcc090 code [0x0000022aa0bcc2e0, 0x0000022aa0bccc28]
Event: 42.505 Thread 0x0000022ab7158800 2923       3       java.util.Arrays::rangeCheck (74 bytes)

GC Heap History (14 events):
Event: 2.686 GC heap before
{Heap before GC invocations=0 (full 0):
 garbage-first heap   total 258048K, used 16384K [0x0000000080000000, 0x0000000100000000)
  region size 1024K, 14 young (14336K), 0 survivors (0K)
 Metaspace       used 6775K, capacity 6993K, committed 7168K, reserved 524288K
  class space    used 572K, capacity 650K, committed 768K, reserved 516096K
}
Event: 2.829 GC heap after
{Heap after GC invocations=1 (full 0):
 garbage-first heap   total 258048K, used 3850K [0x0000000080000000, 0x0000000100000000)
  region size 1024K, 2 young (2048K), 2 survivors (2048K)
 Metaspace       used 6775K, capacity 6993K, committed 7168K, reserved 524288K
  class space    used 572K, capacity 650K, committed 768K, reserved 516096K
}
Event: 4.118 GC heap before
{Heap before GC invocations=1 (full 0):
 garbage-first heap   total 258048K, used 18186K [0x0000000080000000, 0x0000000100000000)
  region size 1024K, 14 young (14336K), 2 survivors (2048K)
 Metaspace       used 9964K, capacity 10186K, committed 10368K, reserved 526336K
  class space    used 1011K, capacity 1102K, committed 1152K, reserved 516096K
}
Event: 4.126 GC heap after
{Heap after GC invocations=2 (full 0):
 garbage-first heap   total 258048K, used 9308K [0x0000000080000000, 0x0000000100000000)
  region size 1024K, 2 young (2048K), 2 survivors (2048K)
 Metaspace       used 9964K, capacity 10186K, committed 10368K, reserved 526336K
  class space    used 1011K, capacity 1102K, committed 1152K, reserved 516096K
}
Event: 29.830 GC heap before
{Heap before GC invocations=2 (full 0):
 garbage-first heap   total 258048K, used 40028K [0x0000000080000000, 0x0000000100000000)
  region size 1024K, 31 young (31744K), 2 survivors (2048K)
 Metaspace       used 10997K, capacity 11205K, committed 11520K, reserved 526336K
  class space    used 1114K, capacity 1207K, committed 1280K, reserved 516096K
}
Event: 29.836 GC heap after
{Heap after GC invocations=3 (full 0):
 garbage-first heap   total 258048K, used 13055K [0x0000000080000000, 0x0000000100000000)
  region size 1024K, 4 young (4096K), 4 survivors (4096K)
 Metaspace       used 10997K, capacity 11205K, committed 11520K, reserved 526336K
  class space    used 1114K, capacity 1207K, committed 1280K, reserved 516096K
}
Event: 36.561 GC heap before
{Heap before GC invocations=3 (full 0):
 garbage-first heap   total 258048K, used 55039K [0x0000000080000000, 0x0000000100000000)
  region size 1024K, 45 young (46080K), 4 survivors (4096K)
 Metaspace       used 18247K, capacity 18636K, committed 18688K, reserved 532480K
  class space    used 2129K, capacity 2282K, committed 2304K, reserved 516096K
}
Event: 36.573 GC heap after
{Heap after GC invocations=4 (full 0):
 garbage-first heap   total 258048K, used 16750K [0x0000000080000000, 0x0000000100000000)
  region size 1024K, 6 young (6144K), 6 survivors (6144K)
 Metaspace       used 18247K, capacity 18636K, committed 18688K, reserved 532480K
  class space    used 2129K, capacity 2282K, committed 2304K, reserved 516096K
}
Event: 37.465 GC heap before
{Heap before GC invocations=4 (full 0):
 garbage-first heap   total 258048K, used 35182K [0x0000000080000000, 0x0000000100000000)
  region size 1024K, 25 young (25600K), 6 survivors (6144K)
 Metaspace       used 20668K, capacity 21129K, committed 21296K, reserved 536576K
  class space    used 2468K, capacity 2626K, committed 2688K, reserved 516096K
}
Event: 37.472 GC heap after
{Heap after GC invocations=5 (full 0):
 garbage-first heap   total 258048K, used 17420K [0x0000000080000000, 0x0000000100000000)
  region size 1024K, 5 young (5120K), 5 survivors (5120K)
 Metaspace       used 20668K, capacity 21129K, committed 21296K, reserved 536576K
  class space    used 2468K, capacity 2626K, committed 2688K, reserved 516096K
}
Event: 39.814 GC heap before
{Heap before GC invocations=6 (full 0):
 garbage-first heap   total 258048K, used 70668K [0x0000000080000000, 0x0000000100000000)
  region size 1024K, 57 young (58368K), 5 survivors (5120K)
 Metaspace       used 26330K, capacity 26950K, committed 27184K, reserved 540672K
  class space    used 3387K, capacity 3619K, committed 3712K, reserved 516096K
}
Event: 39.823 GC heap after
{Heap after GC invocations=7 (full 0):
 garbage-first heap   total 258048K, used 19320K [0x0000000080000000, 0x0000000100000000)
  region size 1024K, 6 young (6144K), 6 survivors (6144K)
 Metaspace       used 26330K, capacity 26950K, committed 27184K, reserved 540672K
  class space    used 3387K, capacity 3619K, committed 3712K, reserved 516096K
}
Event: 42.336 GC heap before
{Heap before GC invocations=7 (full 0):
 garbage-first heap   total 258048K, used 84856K [0x0000000080000000, 0x0000000100000000)
  region size 1024K, 72 young (73728K), 6 survivors (6144K)
 Metaspace       used 35022K, capacity 35791K, committed 35920K, reserved 548864K
  class space    used 4473K, capacity 4822K, committed 4864K, reserved 516096K
}
Event: 42.357 GC heap after
{Heap after GC invocations=8 (full 0):
 garbage-first heap   total 258048K, used 22375K [0x0000000080000000, 0x0000000100000000)
  region size 1024K, 9 young (9216K), 9 survivors (9216K)
 Metaspace       used 35022K, capacity 35791K, committed 35920K, reserved 548864K
  class space    used 4473K, capacity 4822K, committed 4864K, reserved 516096K
}

Deoptimization events (20 events):
Event: 40.105 Thread 0x0000022ab8f78800 Uncommon trap: trap_request=0xffffff4d fr.pc=0x0000022aa7bfe074 relative=0x0000000000000614
Event: 40.105 Thread 0x0000022ab8f78800 Uncommon trap: reason=unstable_if action=reinterpret pc=0x0000022aa7bfe074 method=jdk.internal.org.objectweb.asm.Item.isEqualTo(Ljdk/internal/org/objectweb/asm/Item;)Z @ 317 c2
Event: 40.105 Thread 0x0000022ab8f78800 DEOPT PACKING pc=0x0000022aa7bfe074 sp=0x00000046e7ff7d50
Event: 40.105 Thread 0x0000022ab8f78800 DEOPT UNPACKING pc=0x0000022aa006a1af sp=0x00000046e7ff7cf0 mode 2
Event: 40.473 Thread 0x0000022ab8f78800 Uncommon trap: trap_request=0xffffff4d fr.pc=0x0000022aa7bb024c relative=0x000000000000020c
Event: 40.473 Thread 0x0000022ab8f78800 Uncommon trap: reason=unstable_if action=reinterpret pc=0x0000022aa7bb024c method=java.util.HashMap.hash(Ljava/lang/Object;)I @ 1 c2
Event: 40.473 Thread 0x0000022ab8f78800 DEOPT PACKING pc=0x0000022aa7bb024c sp=0x00000046e7ff7af0
Event: 40.473 Thread 0x0000022ab8f78800 DEOPT UNPACKING pc=0x0000022aa006a1af sp=0x00000046e7ff7a28 mode 2
Event: 40.903 Thread 0x0000022ab8f78800 DEOPT PACKING pc=0x0000022aa0a0c279 sp=0x00000046e7ff7e60
Event: 40.903 Thread 0x0000022ab8f78800 DEOPT UNPACKING pc=0x0000022aa006a95e sp=0x00000046e7ff73a8 mode 0
Event: 41.210 Thread 0x0000022ab8f78800 Uncommon trap: trap_request=0xffffff4d fr.pc=0x0000022aa7bcf6b0 relative=0x0000000000000230
Event: 41.210 Thread 0x0000022ab8f78800 Uncommon trap: reason=unstable_if action=reinterpret pc=0x0000022aa7bcf6b0 method=java.util.HashMap.putVal(ILjava/lang/Object;Ljava/lang/Object;ZZ)Ljava/lang/Object; @ 162 c2
Event: 41.210 Thread 0x0000022ab8f78800 DEOPT PACKING pc=0x0000022aa7bcf6b0 sp=0x00000046e7ffa5b0
Event: 41.210 Thread 0x0000022ab8f78800 DEOPT UNPACKING pc=0x0000022aa006a1af sp=0x00000046e7ffa4c0 mode 2
Event: 42.201 Thread 0x0000022ab8f78800 Uncommon trap: trap_request=0xffffff4d fr.pc=0x0000022aa7bca3f4 relative=0x0000000000004f34
Event: 42.202 Thread 0x0000022ab8f78800 Uncommon trap: reason=unstable_if action=reinterpret pc=0x0000022aa7bca3f4 method=jdk.internal.loader.BuiltinClassLoader.loadClassOrNull(Ljava/lang/String;Z)Ljava/lang/Class; @ 42 c2
Event: 42.202 Thread 0x0000022ab8f78800 DEOPT PACKING pc=0x0000022aa7bca3f4 sp=0x00000046e7ff4c90
Event: 42.202 Thread 0x0000022ab8f78800 DEOPT UNPACKING pc=0x0000022aa006a1af sp=0x00000046e7ff4b20 mode 2
Event: 42.412 Thread 0x0000022ab8f78800 DEOPT PACKING pc=0x0000022aa095e0e8 sp=0x00000046e7ff8df0
Event: 42.412 Thread 0x0000022ab8f78800 DEOPT UNPACKING pc=0x0000022aa006a95e sp=0x00000046e7ff82f8 mode 0

Classes redefined (0 events):
No events

Internal exceptions (20 events):
Event: 39.366 Thread 0x0000022ab8f78800 Exception <a 'java/lang/NoSuchMethodError'{0x000000008ca0e830}: 'void java.lang.invoke.DirectMethodHandle$Holder.invokeStaticInit(java.lang.Object, java.lang.Object)'> (0x000000008ca0e830) thrown at [./src/hotspot/share/interpreter/linkResolver.cpp, line 773]
Event: 39.752 Thread 0x0000022ab8f78800 Exception <a 'java/lang/NoSuchMethodError'{0x000000008c46e788}: 'void java.lang.invoke.DirectMethodHandle$Holder.invokeStatic(java.lang.Object, java.lang.Object, java.lang.Object, java.lang.Object)'> (0x000000008c46e788) thrown at [./src/hotspot/share/interpreter/linkResolver.cpp, line 773]
Event: 39.756 Thread 0x0000022ab8f78800 Exception <a 'java/lang/NoSuchMethodError'{0x000000008c48dcd0}: 'int java.lang.invoke.DirectMethodHandle$Holder.invokeVirtual(java.lang.Object, java.lang.Object)'> (0x000000008c48dcd0) thrown at [./src/hotspot/share/interpreter/linkResolver.cpp, line 773]
Event: 39.759 Thread 0x0000022ab8f78800 Exception <a 'java/lang/NoSuchMethodError'{0x000000008c4a6a50}: 'java.lang.Object java.lang.invoke.DirectMethodHandle$Holder.invokeVirtual(java.lang.Object, java.lang.Object, java.lang.Object)'> (0x000000008c4a6a50) thrown at [./src/hotspot/share/interpreter/linkResolver.cpp, line 773]
Event: 39.766 Thread 0x0000022ab8f78800 Exception <a 'java/lang/NoSuchMethodError'{0x000000008c4fb958}: 'int java.lang.invoke.DirectMethodHandle$Holder.invokeVirtual(java.lang.Object, java.lang.Object, java.lang.Object)'> (0x000000008c4fb958) thrown at [./src/hotspot/share/interpreter/linkResolver.cpp, line 773]
Event: 39.838 Thread 0x0000022ab8f78800 Exception <a 'java/lang/NoSuchMethodError'{0x000000008fa10cc0}: 'void java.lang.invoke.DirectMethodHandle$Holder.invokeSpecial(java.lang.Object, java.lang.Object)'> (0x000000008fa10cc0) thrown at [./src/hotspot/share/interpreter/linkResolver.cpp, line 773]
Event: 40.150 Thread 0x0000022ab8f78800 Exception <a 'java/lang/NoSuchMethodError'{0x000000008eb15c40}: 'java.lang.Object java.lang.invoke.DirectMethodHandle$Holder.invokeSpecialIFC(java.lang.Object, java.lang.Object, java.lang.Object, java.lang.Object)'> (0x000000008eb15c40) thrown at [./src/hotspot/share/interpreter/linkResolver.cpp, line 773]
Event: 40.473 Thread 0x0000022ab8f78800 Implicit null exception at 0x0000022aa7bb0075 to 0x0000022aa7bb023c
Event: 40.596 Thread 0x0000022ab8f78800 Exception <a 'java/lang/NoSuchMethodError'{0x000000008df86c68}: 'java.lang.Object java.lang.invoke.DirectMethodHandle$Holder.invokeSpecial(java.lang.Object, java.lang.Object, java.lang.Object, java.lang.Object, java.lang.Object, java.lang.Object, java.lang.Object, java.lang.Object, java.lang.Object, java.lang.Object, java.lang.Object, java.lang.Object, java.lang.Object)'> (0x000000008df86c68) thrown at [./src/hotspot/share/interpreter/linkResolver.cpp, line 773]
Event: 40.598 Thread 0x0000022ab8f78800 Exception <a 'java/lang/NoSuchMethodError'{0x000000008df97d70}: 'java.lang.Object java.lang.invoke.DirectMethodHandle$Holder.invokeSpecial(java.lang.Object, java.lang.Object, java.lang.Object, java.lang.Object, java.lang.Object, java.lang.Object, java.lang.Object, java.lang.Object, java.lang.Object, java.lang.Object, java.lang.Object, java.lang.Object)'> (0x000000008df97d70) thrown at [./src/hotspot/share/interpreter/linkResolver.cpp, line 773]
Event: 40.601 Thread 0x0000022ab8f78800 Exception <a 'java/lang/NoSuchMethodError'{0x000000008df9d140}: 'java.lang.Object java.lang.invoke.Invokers$Holder.linkToTargetMethod(java.lang.Object, java.lang.Object, java.lang.Object, java.lang.Object, java.lang.Object, java.lang.Object, java.lang.Object, java.lang.Object, java.lang.Object, java.lang.Object, java.lang.Object)'> (0x000000008df9d140) thrown at [./src/hotspot/share/interpreter/linkResolver.cpp, line 773]
Event: 40.611 Thread 0x0000022ab8f78800 Exception <a 'java/lang/NoSuchMethodError'{0x000000008de3c7d0}: 'java.lang.Object java.lang.invoke.DirectMethodHandle$Holder.invokeSpecial(java.lang.Object, java.lang.Object, java.lang.Object, java.lang.Object, java.lang.Object, java.lang.Object, java.lang.Object, java.lang.Object, java.lang.Object, java.lang.Object, java.lang.Object, java.lang.Object, java.lang.Object, java.lang.Object)'> (0x000000008de3c7d0) thrown at [./src/hotspot/share/interpreter/linkResolver.cpp, line 773]
Event: 40.612 Thread 0x0000022ab8f78800 Exception <a 'java/lang/NoSuchMethodError'{0x000000008de4e0f0}: 'java.lang.Object java.lang.invoke.Invokers$Holder.linkToTargetMethod(java.lang.Object, java.lang.Object, java.lang.Object, java.lang.Object, java.lang.Object, java.lang.Object, java.lang.Object, java.lang.Object, java.lang.Object, java.lang.Object, java.lang.Object, java.lang.Object)'> (0x000000008de4e0f0) thrown at [./src/hotspot/share/interpreter/linkResolver.cpp, line 773]
Event: 40.633 Thread 0x0000022ab8f78800 Exception <a 'java/lang/NoSuchMethodError'{0x000000008dd39378}: 'java.lang.Object java.lang.invoke.DirectMethodHandle$Holder.invokeStaticInit(java.lang.Object, java.lang.Object, java.lang.Object, java.lang.Object)'> (0x000000008dd39378) thrown at [./src/hotspot/share/interpreter/linkResolver.cpp, line 773]
Event: 40.873 Thread 0x0000022ab8f78800 Exception <a 'java/lang/NoSuchMethodError'{0x000000008d349d68}: 'java.lang.Object java.lang.invoke.Invokers$Holder.linkToTargetMethod(java.lang.Object, java.lang.Object, java.lang.Object, java.lang.Object, java.lang.Object, java.lang.Object, java.lang.Object, java.lang.Object)'> (0x000000008d349d68) thrown at [./src/hotspot/share/interpreter/linkResolver.cpp, line 773]
Event: 40.890 Thread 0x0000022ab8f78800 Exception <a 'java/lang/IncompatibleClassChangeError'{0x000000008d3dc480}: Found class java.lang.Object, but interface was expected> (0x000000008d3dc480) thrown at [./src/hotspot/share/interpreter/linkResolver.cpp, line 839]
Event: 41.675 Thread 0x0000022ab8f78800 Exception <a 'java/lang/NoSuchMethodError'{0x000000008ba699c0}: 'void java.lang.invoke.DirectMethodHandle$Holder.invokeStaticInit(java.lang.Object, java.lang.Object, java.lang.Object)'> (0x000000008ba699c0) thrown at [./src/hotspot/share/interpreter/linkResolver.cpp, line 773]
Event: 41.676 Thread 0x0000022ab8f78800 Exception <a 'java/lang/NoSuchMethodError'{0x000000008ba70c18}: 'void java.lang.invoke.DirectMethodHandle$Holder.invokeStaticInit(java.lang.Object, java.lang.Object, java.lang.Object, java.lang.Object)'> (0x000000008ba70c18) thrown at [./src/hotspot/share/interpreter/linkResolver.cpp, line 773]
Event: 41.682 Thread 0x0000022ab8f78800 Exception <a 'java/lang/NoSuchMethodError'{0x000000008ba93b88}: 'void java.lang.invoke.DirectMethodHandle$Holder.invokeStaticInit(java.lang.Object, java.lang.Object, java.lang.Object, java.lang.Object, java.lang.Object)'> (0x000000008ba93b88) thrown at [./src/hotspot/share/interpreter/linkResolver.cpp, line 773]
Event: 41.872 Thread 0x0000022ab8f78800 Exception <a 'java/lang/NoSuchMethodError'{0x000000008baf4a78}: 'int java.lang.invoke.DirectMethodHandle$Holder.invokeStaticInit(java.lang.Object, java.lang.Object, java.lang.Object, java.lang.Object)'> (0x000000008baf4a78) thrown at [./src/hotspot/share/interpreter/linkResolver.cpp, line 773]

Events (20 events):
Event: 42.498 loading class java/beans/BeanInfo done
Event: 42.499 loading class groovy/lang/MetaClassImpl
Event: 42.499 loading class groovy/lang/MetaClassImpl done
Event: 42.499 loading class java/beans/ThreadGroupContext
Event: 42.499 loading class java/beans/ThreadGroupContext done
Event: 42.499 loading class java/beans/ThreadGroupContext$1
Event: 42.500 loading class java/beans/WeakIdentityMap
Event: 42.500 loading class java/beans/WeakIdentityMap done
Event: 42.500 loading class java/beans/ThreadGroupContext$1 done
Event: 42.500 loading class java/beans/WeakIdentityMap$Entry
Event: 42.500 loading class java/beans/WeakIdentityMap$Entry done
Event: 42.500 loading class com/sun/beans/finder/BeanInfoFinder
Event: 42.500 loading class com/sun/beans/finder/InstanceFinder
Event: 42.501 loading class com/sun/beans/finder/InstanceFinder done
Event: 42.501 loading class com/sun/beans/finder/BeanInfoFinder done
Event: 42.502 Executing VM operation: RevokeBias
Event: 42.502 Executing VM operation: RevokeBias done
Event: 42.505 loading class java/lang/invoke/BoundMethodHandle$Species_LLLLLLLLI
Event: 42.505 loading class java/lang/invoke/BoundMethodHandle$Species_LLLLLLLLI done
Event: 42.505 loading class java/lang/invoke/ClassSpecializer$Factory$1Var


Dynamic libraries:
0x00007ff701460000 - 0x00007ff70146d000 	C:\Program Files\Eclipse Adoptium\jdk-11.0.16.101-hotspot\bin\java.exe
0x00007ffd47330000 - 0x00007ffd47528000 	C:\Windows\SYSTEM32\ntdll.dll
0x00007ffd25260000 - 0x00007ffd25277000 	C:\Program Files\Avast Software\Avast\aswhook.dll
0x00007ffd46020000 - 0x00007ffd460dd000 	C:\Windows\System32\KERNEL32.DLL
0x00007ffd450c0000 - 0x00007ffd4538e000 	C:\Windows\System32\KERNELBASE.dll
0x00007ffd44e60000 - 0x00007ffd44f60000 	C:\Windows\System32\ucrtbase.dll
0x00007ffd34ac0000 - 0x00007ffd34ad7000 	C:\Program Files\Eclipse Adoptium\jdk-11.0.16.101-hotspot\bin\jli.dll
0x00007ffd46f10000 - 0x00007ffd470b0000 	C:\Windows\System32\USER32.dll
0x00007ffd44b00000 - 0x00007ffd44b22000 	C:\Windows\System32\win32u.dll
0x00007ffd45390000 - 0x00007ffd453ba000 	C:\Windows\System32\GDI32.dll
0x00007ffd44c60000 - 0x00007ffd44d6b000 	C:\Windows\System32\gdi32full.dll
0x00007ffd44dc0000 - 0x00007ffd44e5d000 	C:\Windows\System32\msvcp_win.dll
0x00007ffd30000000 - 0x00007ffd30015000 	C:\Program Files\Eclipse Adoptium\jdk-11.0.16.101-hotspot\bin\VCRUNTIME140.dll
0x00007ffd2dd10000 - 0x00007ffd2dfaa000 	C:\Windows\WinSxS\amd64_microsoft.windows.common-controls_6595b64144ccf1df_6.0.19041.1110_none_60b5254171f9507e\COMCTL32.dll
0x00007ffd45f80000 - 0x00007ffd4601e000 	C:\Windows\System32\msvcrt.dll
0x00007ffd456f0000 - 0x00007ffd45720000 	C:\Windows\System32\IMM32.DLL
0x00007ffd1aca0000 - 0x00007ffd1ad3b000 	C:\Program Files\Eclipse Adoptium\jdk-11.0.16.101-hotspot\bin\msvcp140.dll
0x00007ffccff00000 - 0x00007ffcd0a82000 	C:\Program Files\Eclipse Adoptium\jdk-11.0.16.101-hotspot\bin\server\jvm.dll
0x00007ffd45ed0000 - 0x00007ffd45f7e000 	C:\Windows\System32\ADVAPI32.dll
0x00007ffd460f0000 - 0x00007ffd4618c000 	C:\Windows\System32\sechost.dll
0x00007ffd46370000 - 0x00007ffd46495000 	C:\Windows\System32\RPCRT4.dll
0x00007ffd46f00000 - 0x00007ffd46f08000 	C:\Windows\System32\PSAPI.DLL
0x00007ffd36b90000 - 0x00007ffd36b99000 	C:\Windows\SYSTEM32\WSOCK32.dll
0x00007ffd47140000 - 0x00007ffd471ab000 	C:\Windows\System32\WS2_32.dll
0x00007ffd3c530000 - 0x00007ffd3c557000 	C:\Windows\SYSTEM32\WINMM.dll
0x00007ffd38b00000 - 0x00007ffd38b0a000 	C:\Windows\SYSTEM32\VERSION.dll
0x00007ffd42940000 - 0x00007ffd42952000 	C:\Windows\SYSTEM32\kernel.appcore.dll
0x00007ffd2fff0000 - 0x00007ffd30000000 	C:\Program Files\Eclipse Adoptium\jdk-11.0.16.101-hotspot\bin\verify.dll
0x00007ffd40140000 - 0x00007ffd40324000 	C:\Windows\SYSTEM32\DBGHELP.DLL
0x00007ffd40110000 - 0x00007ffd4013c000 	C:\Windows\SYSTEM32\dbgcore.DLL
0x00007ffd44ba0000 - 0x00007ffd44c22000 	C:\Windows\System32\bcryptPrimitives.dll
0x00007ffd1f830000 - 0x00007ffd1f858000 	C:\Program Files\Eclipse Adoptium\jdk-11.0.16.101-hotspot\bin\java.dll
0x00007ffd2ffe0000 - 0x00007ffd2ffea000 	C:\Program Files\Eclipse Adoptium\jdk-11.0.16.101-hotspot\bin\jimage.dll
0x00007ffd2ad70000 - 0x00007ffd2ad88000 	C:\Program Files\Eclipse Adoptium\jdk-11.0.16.101-hotspot\bin\zip.dll
0x00007ffd45780000 - 0x00007ffd45ec3000 	C:\Windows\System32\SHELL32.dll
0x00007ffd42b40000 - 0x00007ffd432d5000 	C:\Windows\SYSTEM32\windows.storage.dll
0x00007ffd464a0000 - 0x00007ffd467f4000 	C:\Windows\System32\combase.dll
0x00007ffd443e0000 - 0x00007ffd44410000 	C:\Windows\SYSTEM32\Wldp.dll
0x00007ffd46e50000 - 0x00007ffd46efd000 	C:\Windows\System32\SHCORE.dll
0x00007ffd46310000 - 0x00007ffd46365000 	C:\Windows\System32\shlwapi.dll
0x00007ffd44990000 - 0x00007ffd449af000 	C:\Windows\SYSTEM32\profapi.dll
0x00007ffd2ad20000 - 0x00007ffd2ad39000 	C:\Program Files\Eclipse Adoptium\jdk-11.0.16.101-hotspot\bin\net.dll
0x00007ffd37c90000 - 0x00007ffd37d9a000 	C:\Windows\SYSTEM32\WINHTTP.dll
0x00007ffd44140000 - 0x00007ffd441aa000 	C:\Windows\system32\mswsock.dll
0x00007ffd2ac70000 - 0x00007ffd2ac83000 	C:\Program Files\Eclipse Adoptium\jdk-11.0.16.101-hotspot\bin\nio.dll
0x00007ffd34d10000 - 0x00007ffd34d37000 	C:\Users\asala\.gradle\native\e1d6ef7f7dcc3fd88c89a11ec53ec762bb8ba0a96d01ffa2cd45eb1d1d8dd5c5\windows-amd64\native-platform.dll
0x00007ffcfc950000 - 0x00007ffcfca94000 	C:\Users\asala\.gradle\native\0d407fdbe67a94daf76414ababcb853783967236a71b16ec16e742cd7a986fd3\windows-amd64\native-platform-file-events.dll
0x00007ffd34cf0000 - 0x00007ffd34cf9000 	C:\Program Files\Eclipse Adoptium\jdk-11.0.16.101-hotspot\bin\management.dll
0x00007ffd34ce0000 - 0x00007ffd34ceb000 	C:\Program Files\Eclipse Adoptium\jdk-11.0.16.101-hotspot\bin\management_ext.dll
0x00007ffd44330000 - 0x00007ffd44348000 	C:\Windows\SYSTEM32\CRYPTSP.dll
0x00007ffd43ac0000 - 0x00007ffd43af4000 	C:\Windows\system32\rsaenh.dll
0x00007ffd44c30000 - 0x00007ffd44c57000 	C:\Windows\System32\bcrypt.dll
0x00007ffd44950000 - 0x00007ffd4497e000 	C:\Windows\SYSTEM32\USERENV.dll
0x00007ffd44350000 - 0x00007ffd4435c000 	C:\Windows\SYSTEM32\CRYPTBASE.dll
0x00007ffd43e30000 - 0x00007ffd43e6b000 	C:\Windows\SYSTEM32\IPHLPAPI.DLL
0x00007ffd472e0000 - 0x00007ffd472e8000 	C:\Windows\System32\NSI.dll
0x00007ffd383f0000 - 0x00007ffd38407000 	C:\Windows\SYSTEM32\dhcpcsvc6.DLL
0x00007ffd38650000 - 0x00007ffd3866d000 	C:\Windows\SYSTEM32\dhcpcsvc.DLL
0x00007ffd43e70000 - 0x00007ffd43f3a000 	C:\Windows\SYSTEM32\DNSAPI.dll

dbghelp: loaded successfully - version: 4.0.5 - missing functions: none
symbol engine: initialized successfully - sym options: 0x614 - pdb path: .;C:\Program Files\Eclipse Adoptium\jdk-11.0.16.101-hotspot\bin;C:\Windows\SYSTEM32;C:\Program Files\Avast Software\Avast;C:\Windows\WinSxS\amd64_microsoft.windows.common-controls_6595b64144ccf1df_6.0.19041.1110_none_60b5254171f9507e;C:\Program Files\Eclipse Adoptium\jdk-11.0.16.101-hotspot\bin\server;C:\Users\asala\.gradle\native\e1d6ef7f7dcc3fd88c89a11ec53ec762bb8ba0a96d01ffa2cd45eb1d1d8dd5c5\windows-amd64;C:\Users\asala\.gradle\native\0d407fdbe67a94daf76414ababcb853783967236a71b16ec16e742cd7a986fd3\windows-amd64

VM Arguments:
jvm_args: -XX:MaxMetaspaceSize=512m --add-opens=java.base/java.util=ALL-UNNAMED --add-opens=java.base/java.lang=ALL-UNNAMED --add-opens=java.base/java.lang.invoke=ALL-UNNAMED --add-opens=java.base/java.util=ALL-UNNAMED --add-opens=java.prefs/java.util.prefs=ALL-UNNAMED --add-opens=java.prefs/java.util.prefs=ALL-UNNAMED --add-opens=java.base/java.nio.charset=ALL-UNNAMED --add-opens=java.base/java.net=ALL-UNNAMED --add-opens=java.base/java.util.concurrent.atomic=ALL-UNNAMED -Xmx2048m -Dfile.encoding=windows-1252 -Duser.country=US -Duser.language=en -Duser.variant 
java_command: org.gradle.launcher.daemon.bootstrap.GradleDaemon 7.5.1
java_class_path (initial): C:\Users\asala\.gradle\wrapper\dists\gradle-7.5.1-all\1ehga6e77gqps5uk2kc5kf1vc\gradle-7.5.1\lib\gradle-launcher-7.5.1.jar
Launcher Type: SUN_STANDARD

[Global flags]
     intx CICompilerCount                          = 3                                         {product} {ergonomic}
   size_t CompressedClassSpaceSize                 = 528482304                                 {product} {ergonomic}
     uint ConcGCThreads                            = 1                                         {product} {ergonomic}
     uint G1ConcRefinementThreads                  = 4                                         {product} {ergonomic}
   size_t G1HeapRegionSize                         = 1048576                                   {product} {ergonomic}
    uintx GCDrainStackTargetSize                   = 64                                        {product} {ergonomic}
   size_t InitialHeapSize                          = 264241152                                 {product} {ergonomic}
   size_t MarkStackSize                            = 4194304                                   {product} {ergonomic}
   size_t MaxHeapSize                              = 2147483648                                {product} {command line}
   size_t MaxMetaspaceSize                         = 536870912                                 {product} {command line}
   size_t MaxNewSize                               = 1287651328                                {product} {ergonomic}
   size_t MinHeapDeltaBytes                        = 1048576                                   {product} {ergonomic}
    uintx NonNMethodCodeHeapSize                   = 5830732                                {pd product} {ergonomic}
    uintx NonProfiledCodeHeapSize                  = 122913754                              {pd product} {ergonomic}
    uintx ProfiledCodeHeapSize                     = 122913754                              {pd product} {ergonomic}
    uintx ReservedCodeCacheSize                    = 251658240                              {pd product} {ergonomic}
     bool SegmentedCodeCache                       = true                                      {product} {ergonomic}
     bool UseCompressedClassPointers               = true                                 {lp64_product} {ergonomic}
     bool UseCompressedOops                        = true                                 {lp64_product} {ergonomic}
     bool UseG1GC                                  = true                                      {product} {ergonomic}
     bool UseLargePagesIndividualAllocation        = false                                  {pd product} {ergonomic}

Logging:
Log output configuration:
 #0: stdout all=warning uptime,level,tags
 #1: stderr all=off uptime,level,tags

Environment Variables:
CLASSPATH=D:\react-native\GitHubUsers\android\\gradle\wrapper\gradle-wrapper.jar
PATH=D:\react-native\GitHubUsers\android\node_modules\.bin;D:\react-native\GitHubUsers\node_modules\.bin;D:\react-native\node_modules\.bin;D:\node_modules\.bin;C:\Program Files\nodejs;D:\react-native\GitHubUsers\node_modules\.bin;D:\react-native\GitHubUsers\node_modules\.bin;D:\react-native\node_modules\.bin;D:\node_modules\.bin;C:\Users\asala\AppData\Roaming\npm\node_modules\npm\node_modules\@npmcli\run-script\lib\node-gyp-bin;C:\Program Files\Eclipse Adoptium\jdk-11.0.16.101-hotspot\bin;C:\Program Files\Common Files\Oracle\Java\javapath;C:\Program Files (x86)\Common Files\Oracle\Java\javapath;C:\Windows\system32;C:\Windows;C:\Windows\System32\Wbem;C:\Windows\System32\WindowsPowerShell\v1.0\;C:\Windows\System32\OpenSSH\;C:\Program Files\nodejs\;C:\ProgramData\chocolatey\bin;C:\Program Files\Git\cmd;C:\Users\asala\AppData\Local\Microsoft\WindowsApps;C:\Users\asala\AppData\Roaming\npm;C:\Users\asala\AppData\Local\Programs\Microsoft VS Code\bin;C:\Users\asala\AppData\Local\Android\Sdk\platform-tools;
USERNAME=asala
LANG=en_US.UTF-8
OS=Windows_NT
PROCESSOR_IDENTIFIER=Intel64 Family 6 Model 142 Stepping 9, GenuineIntel
TMP=C:\Users\asala\AppData\Local\Temp
TEMP=C:\Users\asala\AppData\Local\Temp



---------------  S Y S T E M  ---------------

OS: Windows 10 , 64 bit Build 19041 (10.0.19041.1889)
OS uptime: 8 days 21:57 hours

CPU:total 4 (initial active 4) (2 cores per cpu, 2 threads per core) family 6 model 142 stepping 9 microcode 0xde, cmov, cx8, fxsr, mmx, sse, sse2, sse3, ssse3, sse4.1, sse4.2, popcnt, avx, avx2, aes, clmul, erms, 3dnowpref, lzcnt, ht, tsc, tscinvbit, bmi1, bmi2, adx, fma

Memory: 4k page, system-wide physical 16005M (139M free)
TotalPageFile size 35935M (AvailPageFile size 5M)
current process WorkingSet (physical memory assigned to process): 213M, peak: 213M
current process commit charge ("private bytes"): 410M, peak: 411M

vm_info: OpenJDK 64-Bit Server VM (11.0.16.1+1) for windows-amd64 JRE (11.0.16.1+1), built on Aug 16 2022 02:58:04 by "" with MS VC++ 15.9 (VS2017)

END.
